app/build/intermediates/manifest_merge_blame_file/debug/processDebugMainManifest/manifest-merger-blame-debug-report.txt
1<?xml version="1.0" encoding="utf-8"?>
2<manifest xmlns:android="http://schemas.android.com/apk/res/android"
3    package="com.example.tutorconnect"
4    android:versionCode="1"
5    android:versionName="1.0" >
6
7    <uses-sdk
8        android:minSdkVersion="24"
9        android:targetSdkVersion="34" />
10
11    <uses-permission android:name="android.permission.INTERNET" />
11-->[com.google.firebase:firebase-auth:22.3.1] AndroidManifest.xml:25:5-67
11-->[com.google.firebase:firebase-auth:22.3.1] AndroidManifest.xml:25:22-64
12    <uses-permission android:name="android.permission.ACCESS_NETWORK_STATE" />
12-->[com.google.firebase:firebase-auth:22.3.1] AndroidManifest.xml:26:5-79
12-->[com.google.firebase:firebase-auth:22.3.1] AndroidManifest.xml:26:22-76
13    <uses-permission android:name="com.google.android.providers.gsf.permission.READ_GSERVICES" />
13-->[com.google.android.recaptcha:recaptcha:18.4.0] AndroidManifest.xml:9:5-98
13-->[com.google.android.recaptcha:recaptcha:18.4.0] AndroidManifest.xml:9:22-95
14
15    <permission
15-->[androidx.core:core:1.12.0] AndroidManifest.xml:22:5-24:47
16        android:name="com.example.tutorconnect.DYNAMIC_RECEIVER_NOT_EXPORTED_PERMISSION"
16-->[androidx.core:core:1.12.0] AndroidManifest.xml:23:9-81
17        android:protectionLevel="signature" />
17-->[androidx.core:core:1.12.0] AndroidManifest.xml:24:9-44
18
19    <uses-permission android:name="com.example.tutorconnect.DYNAMIC_RECEIVER_NOT_EXPORTED_PERMISSION" />
19-->[androidx.core:core:1.12.0] AndroidManifest.xml:26:5-97
19-->[androidx.core:core:1.12.0] AndroidManifest.xml:26:22-94
20
21    <application
21-->src\main\AndroidManifest.xml:5:5-87:19
22        android:allowBackup="true"
22-->src\main\AndroidManifest.xml:6:9-35
23        android:appComponentFactory="androidx.core.app.CoreComponentFactory"
23-->[androidx.core:core:1.12.0] AndroidManifest.xml:28:18-86
24        android:dataExtractionRules="@xml/data_extraction_rules"
24-->src\main\AndroidManifest.xml:7:9-65
25        android:debuggable="true"
26        android:extractNativeLibs="false"
27        android:fullBackupContent="@xml/backup_rules"
27-->src\main\AndroidManifest.xml:8:9-54
28        android:icon="@mipmap/ic_launcher"
28-->src\main\AndroidManifest.xml:9:9-43
29        android:label="@string/app_name"
29-->src\main\AndroidManifest.xml:10:9-41
30        android:roundIcon="@mipmap/ic_launcher_round"
30-->src\main\AndroidManifest.xml:11:9-54
31        android:supportsRtl="true"
31-->src\main\AndroidManifest.xml:12:9-35
32        android:testOnly="true"
33        android:theme="@style/Theme.TutorConnect" >
33-->src\main\AndroidManifest.xml:13:9-50
34
35        <!-- Actividad principal -->
36        <activity
36-->src\main\AndroidManifest.xml:17:9-26:20
37            android:name="com.example.tutorconnect.MainActivity"
37-->src\main\AndroidManifest.xml:18:13-41
38            android:exported="true"
38-->src\main\AndroidManifest.xml:19:13-36
39            android:label="@string/app_name"
39-->src\main\AndroidManifest.xml:20:13-45
40            android:theme="@style/Theme.TutorConnect" >
40-->src\main\AndroidManifest.xml:21:13-54
41            <intent-filter>
41-->src\main\AndroidManifest.xml:22:13-25:29
42                <action android:name="android.intent.action.MAIN" />
42-->src\main\AndroidManifest.xml:23:17-69
42-->src\main\AndroidManifest.xml:23:25-66
43
44                <category android:name="android.intent.category.LAUNCHER" />
44-->src\main\AndroidManifest.xml:24:17-77
44-->src\main\AndroidManifest.xml:24:27-74
45            </intent-filter>
46        </activity>
47
48        <!-- Nueva actividad de registro -->
49        <activity
49-->src\main\AndroidManifest.xml:29:9-32:57
50            android:name="com.example.tutorconnect.RegisterActivity"
50-->src\main\AndroidManifest.xml:30:13-45
51            android:exported="false"
51-->src\main\AndroidManifest.xml:31:13-37
52            android:theme="@style/Theme.TutorConnect" />
52-->src\main\AndroidManifest.xml:32:13-54
53        <activity android:name="com.example.tutorconnect.ForgotPasswordActivity" />
53-->src\main\AndroidManifest.xml:34:9-60
53-->src\main\AndroidManifest.xml:34:19-57
54        <activity android:name="com.example.tutorconnect.ConfirmacionRecuperacionActivity" />
54-->src\main\AndroidManifest.xml:35:9-70
54-->src\main\AndroidManifest.xml:35:19-67
55        <activity android:name="com.example.tutorconnect.HomeActivity" />
55-->src\main\AndroidManifest.xml:36:9-50
55-->src\main\AndroidManifest.xml:36:19-47
56        <activity android:name="com.example.tutorconnect.TutorProfileActivity" />
56-->src\main\AndroidManifest.xml:37:9-58
56-->src\main\AndroidManifest.xml:37:19-55
57        <activity android:name="com.example.tutorconnect.ScheduleTutorActivity" />
57-->src\main\AndroidManifest.xml:38:9-59
57-->src\main\AndroidManifest.xml:38:19-56
58        <activity android:name="com.example.tutorconnect.CreateAgendaActivity" />
58-->src\main\AndroidManifest.xml:39:9-58
58-->src\main\AndroidManifest.xml:39:19-55
59        <activity android:name="com.example.tutorconnect.AgendaDetalleActivity" />
59-->src\main\AndroidManifest.xml:40:9-59
59-->src\main\AndroidManifest.xml:40:19-56
60        <activity android:name="com.example.tutorconnect.AnnouncementsActivity" />
60-->src\main\AndroidManifest.xml:41:9-59
60-->src\main\AndroidManifest.xml:41:19-56
61        <activity
61-->src\main\AndroidManifest.xml:42:9-44:40
62            android:name="com.example.tutorconnect.StudentHomeActivity"
62-->src\main\AndroidManifest.xml:43:13-48
63            android:exported="false" />
63-->src\main\AndroidManifest.xml:44:13-37
64        <activity
64-->src\main\AndroidManifest.xml:45:9-47:40
65            android:name="com.example.tutorconnect.StudentProfileActivity"
65-->src\main\AndroidManifest.xml:46:13-51
66            android:exported="false" />
66-->src\main\AndroidManifest.xml:47:13-37
67        <activity
67-->src\main\AndroidManifest.xml:48:9-51:57
68            android:name="com.example.tutorconnect.StudentCalendarActivity"
68-->src\main\AndroidManifest.xml:49:13-52
69            android:exported="false"
69-->src\main\AndroidManifest.xml:50:13-37
70            android:theme="@style/Theme.TutorConnect" />
70-->src\main\AndroidManifest.xml:51:13-54
71        <activity
71-->src\main\AndroidManifest.xml:52:9-55:57
72            android:name="com.example.tutorconnect.StudentAgendaDetailActivity"
72-->src\main\AndroidManifest.xml:53:13-56
73            android:exported="false"
73-->src\main\AndroidManifest.xml:54:13-37
74            android:theme="@style/Theme.TutorConnect" />
74-->src\main\AndroidManifest.xml:55:13-54
75
76        <!-- Actividades de planificación -->
77        <activity
77-->src\main\AndroidManifest.xml:58:9-61:57
78            android:name="com.example.tutorconnect.StudyPlanDetailActivity"
78-->src\main\AndroidManifest.xml:59:13-52
79            android:exported="false"
79-->src\main\AndroidManifest.xml:60:13-37
80            android:theme="@style/Theme.TutorConnect" />
80-->src\main\AndroidManifest.xml:61:13-54
81        <activity
81-->src\main\AndroidManifest.xml:63:9-65:40
82            android:name="com.example.tutorconnect.StudyPlanListActivity"
82-->src\main\AndroidManifest.xml:64:13-50
83            android:exported="false" />
83-->src\main\AndroidManifest.xml:65:13-37
84        <activity
84-->src\main\AndroidManifest.xml:66:9-68:40
85            android:name="com.example.tutorconnect.StudyPlanCreateStep1Activity"
85-->src\main\AndroidManifest.xml:67:13-57
86            android:exported="false" />
86-->src\main\AndroidManifest.xml:68:13-37
87        <activity
87-->src\main\AndroidManifest.xml:69:9-71:40
88            android:name="com.example.tutorconnect.StudyPlanCreateStep2Activity"
88-->src\main\AndroidManifest.xml:70:13-57
89            android:exported="false" />
89-->src\main\AndroidManifest.xml:71:13-37
90
91        <!-- Activities de evaluación -->
92        <activity
92-->src\main\AndroidManifest.xml:74:9-76:40
93            android:name="com.example.tutorconnect.EvaluationActivity"
93-->src\main\AndroidManifest.xml:75:13-47
94            android:exported="false" />
94-->src\main\AndroidManifest.xml:76:13-37
95        <activity
95-->src\main\AndroidManifest.xml:77:9-79:40
96            android:name="com.example.tutorconnect.TutorRatingActivity"
96-->src\main\AndroidManifest.xml:78:13-48
97            android:exported="false" />
97-->src\main\AndroidManifest.xml:79:13-37
98        <activity
98-->src\main\AndroidManifest.xml:80:9-82:40
99            android:name="com.example.tutorconnect.SelectTutorActivity"
99-->src\main\AndroidManifest.xml:81:13-48
100            android:exported="false" />
100-->src\main\AndroidManifest.xml:82:13-37
101        <activity
101-->src\main\AndroidManifest.xml:83:9-85:40
102            android:name="com.example.tutorconnect.CrearComunicadoActivity"
102-->src\main\AndroidManifest.xml:84:13-52
103            android:exported="false" />
103-->src\main\AndroidManifest.xml:85:13-37
104
105        <provider
105-->[androidx.emoji2:emoji2:1.2.0] AndroidManifest.xml:24:9-32:20
106            android:name="androidx.startup.InitializationProvider"
106-->[androidx.emoji2:emoji2:1.2.0] AndroidManifest.xml:25:13-67
107            android:authorities="com.example.tutorconnect.androidx-startup"
107-->[androidx.emoji2:emoji2:1.2.0] AndroidManifest.xml:26:13-68
108            android:exported="false" >
108-->[androidx.emoji2:emoji2:1.2.0] AndroidManifest.xml:27:13-37
109            <meta-data
109-->[androidx.emoji2:emoji2:1.2.0] AndroidManifest.xml:29:13-31:52
110                android:name="androidx.emoji2.text.EmojiCompatInitializer"
110-->[androidx.emoji2:emoji2:1.2.0] AndroidManifest.xml:30:17-75
111                android:value="androidx.startup" />
111-->[androidx.emoji2:emoji2:1.2.0] AndroidManifest.xml:31:17-49
112            <meta-data
112-->[androidx.lifecycle:lifecycle-process:2.6.1] AndroidManifest.xml:29:13-31:52
113                android:name="androidx.lifecycle.ProcessLifecycleInitializer"
113-->[androidx.lifecycle:lifecycle-process:2.6.1] AndroidManifest.xml:30:17-78
114                android:value="androidx.startup" />
114-->[androidx.lifecycle:lifecycle-process:2.6.1] AndroidManifest.xml:31:17-49
115            <meta-data
115-->[androidx.profileinstaller:profileinstaller:1.3.0] AndroidManifest.xml:29:13-31:52
116                android:name="androidx.profileinstaller.ProfileInstallerInitializer"
116-->[androidx.profileinstaller:profileinstaller:1.3.0] AndroidManifest.xml:30:17-85
117                android:value="androidx.startup" />
117-->[androidx.profileinstaller:profileinstaller:1.3.0] AndroidManifest.xml:31:17-49
118        </provider>
119
120        <activity
120-->[com.google.firebase:firebase-auth:22.3.1] AndroidManifest.xml:29:9-46:20
121            android:name="com.google.firebase.auth.internal.GenericIdpActivity"
121-->[com.google.firebase:firebase-auth:22.3.1] AndroidManifest.xml:30:13-80
122            android:excludeFromRecents="true"
122-->[com.google.firebase:firebase-auth:22.3.1] AndroidManifest.xml:31:13-46
123            android:exported="true"
123-->[com.google.firebase:firebase-auth:22.3.1] AndroidManifest.xml:32:13-36
124            android:launchMode="singleTask"
124-->[com.google.firebase:firebase-auth:22.3.1] AndroidManifest.xml:33:13-44
125            android:theme="@android:style/Theme.Translucent.NoTitleBar" >
125-->[com.google.firebase:firebase-auth:22.3.1] AndroidManifest.xml:34:13-72
126            <intent-filter>
126-->[com.google.firebase:firebase-auth:22.3.1] AndroidManifest.xml:35:13-45:29
127                <action android:name="android.intent.action.VIEW" />
127-->[com.google.firebase:firebase-auth:22.3.1] AndroidManifest.xml:36:17-69
127-->[com.google.firebase:firebase-auth:22.3.1] AndroidManifest.xml:36:25-66
128
129                <category android:name="android.intent.category.DEFAULT" />
129-->[com.google.firebase:firebase-auth:22.3.1] AndroidManifest.xml:38:17-76
129-->[com.google.firebase:firebase-auth:22.3.1] AndroidManifest.xml:38:27-73
130                <category android:name="android.intent.category.BROWSABLE" />
130-->[com.google.firebase:firebase-auth:22.3.1] AndroidManifest.xml:39:17-78
130-->[com.google.firebase:firebase-auth:22.3.1] AndroidManifest.xml:39:27-75
131
132                <data
132-->[com.google.firebase:firebase-auth:22.3.1] AndroidManifest.xml:41:17-44:51
133                    android:host="firebase.auth"
133-->[com.google.firebase:firebase-auth:22.3.1] AndroidManifest.xml:42:21-49
134                    android:path="/"
134-->[com.google.firebase:firebase-auth:22.3.1] AndroidManifest.xml:43:21-37
135                    android:scheme="genericidp" />
135-->[com.google.firebase:firebase-auth:22.3.1] AndroidManifest.xml:44:21-48
136            </intent-filter>
137        </activity>
138        <activity
138-->[com.google.firebase:firebase-auth:22.3.1] AndroidManifest.xml:47:9-64:20
139            android:name="com.google.firebase.auth.internal.RecaptchaActivity"
139-->[com.google.firebase:firebase-auth:22.3.1] AndroidManifest.xml:48:13-79
140            android:excludeFromRecents="true"
140-->[com.google.firebase:firebase-auth:22.3.1] AndroidManifest.xml:49:13-46
141            android:exported="true"
141-->[com.google.firebase:firebase-auth:22.3.1] AndroidManifest.xml:50:13-36
142            android:launchMode="singleTask"
142-->[com.google.firebase:firebase-auth:22.3.1] AndroidManifest.xml:51:13-44
143            android:theme="@android:style/Theme.Translucent.NoTitleBar" >
143-->[com.google.firebase:firebase-auth:22.3.1] AndroidManifest.xml:52:13-72
144            <intent-filter>
144-->[com.google.firebase:firebase-auth:22.3.1] AndroidManifest.xml:53:13-63:29
145                <action android:name="android.intent.action.VIEW" />
145-->[com.google.firebase:firebase-auth:22.3.1] AndroidManifest.xml:36:17-69
145-->[com.google.firebase:firebase-auth:22.3.1] AndroidManifest.xml:36:25-66
146
147                <category android:name="android.intent.category.DEFAULT" />
147-->[com.google.firebase:firebase-auth:22.3.1] AndroidManifest.xml:38:17-76
147-->[com.google.firebase:firebase-auth:22.3.1] AndroidManifest.xml:38:27-73
148                <category android:name="android.intent.category.BROWSABLE" />
148-->[com.google.firebase:firebase-auth:22.3.1] AndroidManifest.xml:39:17-78
148-->[com.google.firebase:firebase-auth:22.3.1] AndroidManifest.xml:39:27-75
149
150                <data
150-->[com.google.firebase:firebase-auth:22.3.1] AndroidManifest.xml:41:17-44:51
151                    android:host="firebase.auth"
151-->[com.google.firebase:firebase-auth:22.3.1] AndroidManifest.xml:42:21-49
152                    android:path="/"
152-->[com.google.firebase:firebase-auth:22.3.1] AndroidManifest.xml:43:21-37
153                    android:scheme="recaptcha" />
153-->[com.google.firebase:firebase-auth:22.3.1] AndroidManifest.xml:44:21-48
154            </intent-filter>
155        </activity>
156
157        <service
157-->[com.google.firebase:firebase-auth:22.3.1] AndroidManifest.xml:66:9-72:19
158            android:name="com.google.firebase.components.ComponentDiscoveryService"
158-->[com.google.firebase:firebase-auth:22.3.1] AndroidManifest.xml:67:13-84
159            android:directBootAware="true"
159-->[com.google.firebase:firebase-common:20.4.2] AndroidManifest.xml:32:13-43
160            android:exported="false" >
160-->[com.google.firebase:firebase-auth:22.3.1] AndroidManifest.xml:68:13-37
161            <meta-data
161-->[com.google.firebase:firebase-auth:22.3.1] AndroidManifest.xml:69:13-71:85
162                android:name="com.google.firebase.components:com.google.firebase.auth.FirebaseAuthRegistrar"
162-->[com.google.firebase:firebase-auth:22.3.1] AndroidManifest.xml:70:17-109
163                android:value="com.google.firebase.components.ComponentRegistrar" />
163-->[com.google.firebase:firebase-auth:22.3.1] AndroidManifest.xml:71:17-82
164            <meta-data
164-->[com.google.firebase:firebase-firestore:24.10.2] AndroidManifest.xml:17:13-19:85
165                android:name="com.google.firebase.components:com.google.firebase.firestore.FirebaseFirestoreKtxRegistrar"
165-->[com.google.firebase:firebase-firestore:24.10.2] AndroidManifest.xml:18:17-122
166                android:value="com.google.firebase.components.ComponentRegistrar" />
166-->[com.google.firebase:firebase-firestore:24.10.2] AndroidManifest.xml:19:17-82
167            <meta-data
167-->[com.google.firebase:firebase-firestore:24.10.2] AndroidManifest.xml:20:13-22:85
168                android:name="com.google.firebase.components:com.google.firebase.firestore.FirestoreRegistrar"
168-->[com.google.firebase:firebase-firestore:24.10.2] AndroidManifest.xml:21:17-111
169                android:value="com.google.firebase.components.ComponentRegistrar" />
169-->[com.google.firebase:firebase-firestore:24.10.2] AndroidManifest.xml:22:17-82
170            <meta-data
170-->[com.google.firebase:firebase-common-ktx:20.4.2] AndroidManifest.xml:12:13-14:85
171                android:name="com.google.firebase.components:com.google.firebase.ktx.FirebaseCommonLegacyRegistrar"
171-->[com.google.firebase:firebase-common-ktx:20.4.2] AndroidManifest.xml:13:17-116
172                android:value="com.google.firebase.components.ComponentRegistrar" />
172-->[com.google.firebase:firebase-common-ktx:20.4.2] AndroidManifest.xml:14:17-82
173            <meta-data
173-->[com.google.firebase:firebase-common:20.4.2] AndroidManifest.xml:35:13-37:85
174                android:name="com.google.firebase.components:com.google.firebase.FirebaseCommonKtxRegistrar"
174-->[com.google.firebase:firebase-common:20.4.2] AndroidManifest.xml:36:17-109
175                android:value="com.google.firebase.components.ComponentRegistrar" />
175-->[com.google.firebase:firebase-common:20.4.2] AndroidManifest.xml:37:17-82
176        </service>
177
178        <provider
178-->[com.google.firebase:firebase-common:20.4.2] AndroidManifest.xml:23:9-28:39
179            android:name="com.google.firebase.provider.FirebaseInitProvider"
179-->[com.google.firebase:firebase-common:20.4.2] AndroidManifest.xml:24:13-77
180            android:authorities="com.example.tutorconnect.firebaseinitprovider"
180-->[com.google.firebase:firebase-common:20.4.2] AndroidManifest.xml:25:13-72
181            android:directBootAware="true"
181-->[com.google.firebase:firebase-common:20.4.2] AndroidManifest.xml:26:13-43
182            android:exported="false"
182-->[com.google.firebase:firebase-common:20.4.2] AndroidManifest.xml:27:13-37
183            android:initOrder="100" />
183-->[com.google.firebase:firebase-common:20.4.2] AndroidManifest.xml:28:13-36
184
185        <activity
185-->[com.google.android.gms:play-services-base:18.0.1] AndroidManifest.xml:20:9-22:45
186            android:name="com.google.android.gms.common.api.GoogleApiActivity"
186-->[com.google.android.gms:play-services-base:18.0.1] AndroidManifest.xml:20:19-85
187            android:exported="false"
187-->[com.google.android.gms:play-services-base:18.0.1] AndroidManifest.xml:22:19-43
188            android:theme="@android:style/Theme.Translucent.NoTitleBar" />
188-->[com.google.android.gms:play-services-base:18.0.1] AndroidManifest.xml:21:19-78
189
190        <meta-data
190-->[com.google.android.gms:play-services-basement:18.1.0] AndroidManifest.xml:21:9-23:69
191            android:name="com.google.android.gms.version"
191-->[com.google.android.gms:play-services-basement:18.1.0] AndroidManifest.xml:22:13-58
192            android:value="@integer/google_play_services_version" />
192-->[com.google.android.gms:play-services-basement:18.1.0] AndroidManifest.xml:23:13-66
193
194        <receiver
194-->[androidx.profileinstaller:profileinstaller:1.3.0] AndroidManifest.xml:34:9-52:20
195            android:name="androidx.profileinstaller.ProfileInstallReceiver"
195-->[androidx.profileinstaller:profileinstaller:1.3.0] AndroidManifest.xml:35:13-76
196            android:directBootAware="false"
196-->[androidx.profileinstaller:profileinstaller:1.3.0] AndroidManifest.xml:36:13-44
197            android:enabled="true"
197-->[androidx.profileinstaller:profileinstaller:1.3.0] AndroidManifest.xml:37:13-35
198            android:exported="true"
198-->[androidx.profileinstaller:profileinstaller:1.3.0] AndroidManifest.xml:38:13-36
199            android:permission="android.permission.DUMP" >
199-->[androidx.profileinstaller:profileinstaller:1.3.0] AndroidManifest.xml:39:13-57
200            <intent-filter>
200-->[androidx.profileinstaller:profileinstaller:1.3.0] AndroidManifest.xml:40:13-42:29
201                <action android:name="androidx.profileinstaller.action.INSTALL_PROFILE" />
201-->[androidx.profileinstaller:profileinstaller:1.3.0] AndroidManifest.xml:41:17-91
201-->[androidx.profileinstaller:profileinstaller:1.3.0] AndroidManifest.xml:41:25-88
202            </intent-filter>
203            <intent-filter>
203-->[androidx.profileinstaller:profileinstaller:1.3.0] AndroidManifest.xml:43:13-45:29
204                <action android:name="androidx.profileinstaller.action.SKIP_FILE" />
204-->[androidx.profileinstaller:profileinstaller:1.3.0] AndroidManifest.xml:44:17-85
204-->[androidx.profileinstaller:profileinstaller:1.3.0] AndroidManifest.xml:44:25-82
205            </intent-filter>
206            <intent-filter>
206-->[androidx.profileinstaller:profileinstaller:1.3.0] AndroidManifest.xml:46:13-48:29
207                <action android:name="androidx.profileinstaller.action.SAVE_PROFILE" />
207-->[androidx.profileinstaller:profileinstaller:1.3.0] AndroidManifest.xml:47:17-88
207-->[androidx.profileinstaller:profileinstaller:1.3.0] AndroidManifest.xml:47:25-85
208            </intent-filter>
209            <intent-filter>
209-->[androidx.profileinstaller:profileinstaller:1.3.0] AndroidManifest.xml:49:13-51:29
210                <action android:name="androidx.profileinstaller.action.BENCHMARK_OPERATION" />
210-->[androidx.profileinstaller:profileinstaller:1.3.0] AndroidManifest.xml:50:17-95
210-->[androidx.profileinstaller:profileinstaller:1.3.0] AndroidManifest.xml:50:25-92
211            </intent-filter>
212        </receiver>
213    </application>
214
215</manifest>